11/19/2014 8:55:27 PM	This log contains information about the import schema operation into project 'yeoldephotoshoppe_database' on computer 'MINH-DEV-007' by user 'Administrator'.
11/19/2014 8:55:28 PM	Import of database schema has started.
11/19/2014 8:55:36 PM	Gathering database options
11/19/2014 8:55:36 PM	Gathering users
11/19/2014 8:55:36 PM	Gathering roles
11/19/2014 8:55:36 PM	Gathering application roles
11/19/2014 8:55:36 PM	Gathering role memberships
11/19/2014 8:55:36 PM	Gathering filegroups
11/19/2014 8:55:36 PM	Gathering full-text catalogs
11/19/2014 8:55:36 PM	Gathering assemblies
11/19/2014 8:55:36 PM	Gathering certificates
11/19/2014 8:55:36 PM	Gathering asymmetric keys
11/19/2014 8:55:36 PM	Gathering symmetric keys
11/19/2014 8:55:36 PM	Gathering encrypted symmetric keys
11/19/2014 8:55:36 PM	Gathering schemas
11/19/2014 8:55:36 PM	Gathering XML schema collections
11/19/2014 8:55:36 PM	Gathering user-defined data types
11/19/2014 8:55:36 PM	Gathering user-defined types
11/19/2014 8:55:36 PM	Gathering table types
11/19/2014 8:55:36 PM	Gathering unique keys for table types
11/19/2014 8:55:36 PM	Gathering primary keys for table types
11/19/2014 8:55:36 PM	Gathering check constraints for table types
11/19/2014 8:55:36 PM	Gathering default constraints for table types
11/19/2014 8:55:36 PM	Gathering partition functions
11/19/2014 8:55:36 PM	Gathering partition schemes
11/19/2014 8:55:36 PM	Gathering functions
11/19/2014 8:55:36 PM	Gathering encrypted functions
11/19/2014 8:55:36 PM	Gathering aggregates
11/19/2014 8:55:36 PM	Gathering procedures
11/19/2014 8:55:36 PM	Gathering encrypted procedures
11/19/2014 8:55:36 PM	Gathering tables
11/19/2014 8:55:36 PM	Gathering primary keys
11/19/2014 8:55:36 PM	Gathering unique constraints
11/19/2014 8:55:36 PM	Gathering foreign keys
11/19/2014 8:55:37 PM	Gathering default constraints
11/19/2014 8:55:37 PM	Gathering check constraints
11/19/2014 8:55:37 PM	Gathering views
11/19/2014 8:55:37 PM	Gathering encrypted views
11/19/2014 8:55:37 PM	Gathering indexes
11/19/2014 8:55:37 PM	Gathering statistics
11/19/2014 8:55:37 PM	Gathering full-text index stoplists
11/19/2014 8:55:37 PM	Gathering search property lists
11/19/2014 8:55:37 PM	Gathering search properties
11/19/2014 8:55:37 PM	Gathering full-text indexes
11/19/2014 8:55:37 PM	Gathering column store indexes
11/19/2014 8:55:37 PM	Gathering spatial indexes
11/19/2014 8:55:37 PM	Gathering XML indexes
11/19/2014 8:55:37 PM	Gathering encrypted triggers
11/19/2014 8:55:37 PM	Gathering triggers
11/19/2014 8:55:37 PM	Gathering encrypted and clr ddl triggers
11/19/2014 8:55:37 PM	Gathering ddl triggers
11/19/2014 8:55:37 PM	Gathering synonyms
11/19/2014 8:55:37 PM	Gathering defaults
11/19/2014 8:55:37 PM	Gathering data constraint uddt bindings
11/19/2014 8:55:37 PM	Gathering rules
11/19/2014 8:55:37 PM	Gathering data constraint uddt bindings
11/19/2014 8:55:37 PM	Gathering message types
11/19/2014 8:55:37 PM	Gathering queues
11/19/2014 8:55:37 PM	Gathering contracts
11/19/2014 8:55:37 PM	Gathering services
11/19/2014 8:55:37 PM	Gathering event notifications
11/19/2014 8:55:37 PM	Gathering remote service bindings
11/19/2014 8:55:37 PM	Gathering broker priorities
11/19/2014 8:55:37 PM	Gathering signatures
11/19/2014 8:55:37 PM	Gathering data compression options
11/19/2014 8:55:37 PM	Gathering sequence types
11/19/2014 8:55:37 PM	Gathering database permissions
11/19/2014 8:55:37 PM	Gathering extended properties
11/19/2014 8:55:37 PM	Gathering credentials
11/19/2014 8:55:37 PM	Gathering logins
11/19/2014 8:55:37 PM	Gathering server audits
11/19/2014 8:55:37 PM	Finished importing database.
11/19/2014 8:55:37 PM	A summary of the import was saved to the following location: c:\users\administrator\documents\visual studio 2012\Projects\yeoldephotoshoppe_database\yeoldephotoshoppe_database\Import Schema Logs\yeoldephotoshoppe_da_20141120035527.log
11/19/2014 8:55:37 PM	Click Finish to continue...
